Arguments: 
  /usr/local/bin/node /usr/local/bin/yarn add -D @vuepress/plugin-google-analytics

PATH: 
  /usr/local/bin:/usr/bin:/bin:/usr/sbin:/sbin

Yarn version: 
  1.22.4

Node version: 
  10.15.1

Platform: 
  darwin x64

Trace: 
  Error: EACCES: permission denied, rmdir '/Users/xingchen/Documents/GitHub/My-Blog/node_modules/@vuepress/core/.temp/app-enhancers'

npm manifest: 
  {
    "name": "my-blog",
    "version": "1.0.0",
    "description": "部署博客的地方",
    "main": "index.js",
    "scripts": {
      "test": "echo \"Error: no test specified\" && exit 1",
      "dev": "vuepress dev docs",
      "build": "vuepress build docs",
      "deploy": "sudo bash deploy.sh"
    },
    "keywords": [],
    "author": "",
    "license": "ISC",
    "devDependencies": {
      "@vuepress/plugin-active-header-links": "^1.3.1",
      "@vuepress/plugin-back-to-top": "^1.3.1",
      "@vuepress/plugin-blog": "^1.9.2",
      "sass-loader": "^8.0.2",
      "vuepress": "^1.3.1"
    },
    "dependencies": {
      "moment": "^2.24.0"
    }
  }

yarn manifest: 
  No manifest

Lockfile: 
  No lockfile
