Arguments: 
  /Users/xingchen/.nvm/versions/node/v14.17.6/bin/node /usr/local/bin/yarn add @vuepress/shared-utils -D

PATH: 
  /Users/xingchen/.rvm/gems/ruby-2.7.5/bin:/Users/xingchen/.rvm/gems/ruby-2.7.5@global/bin:/Users/xingchen/.rvm/rubies/ruby-2.7.5/bin:/Users/xingchen/markdownToConfluence/:/Users/xingchen/homebrew/bin/:/Users/xingchen/Library/pnpm:/Users/xingchen/.nvm/versions/node/v14.17.6/bin:/usr/local/bin:/usr/bin:/bin:/usr/sbin:/sbin:/Library/Apple/usr/bin:/Users/xingchen/.rvm/bin

Yarn version: 
  1.22.4

Node version: 
  14.17.6

Platform: 
  darwin x64

Trace: 
  Error: EINVAL: invalid argument, unlink '/Users/xingchen/Documents/GitHub/My-Blog/my-blog-antdoc/node_modules/object-copy/node_modules/kind-of'

npm manifest: 
  {
    "name": "my-blog-antd",
    "version": "1.0.0",
    "description": "",
    "main": "index.js",
    "scripts": {
      "test": "echo \"Error: no test specified\" && exit 1",
      "dev": "vuepress dev docs",
      "build": "vuepress build docs",
      "deploy1": "sudo bash deploy.sh",
      "deploy2": "bash deploy.sh"
    },
    "keywords": [],
    "author": "",
    "license": "ISC",
    "dependencies": {
      "core-js": "^2.6.11",
      "moment": "^2.24.0",
      "vuepress": "^1.7.1",
      "vuepress-plugin-helper-live2d": "^1.0.2",
      "vuepress-theme-antdocs": "^1.2.0",
      "x-data-spreadsheet": "^1.1.8"
    },
    "devDependencies": {
      "@vuepress/plugin-active-header-links": "^1.3.1",
      "@vuepress/plugin-blog": "^1.9.2",
      "@vuepress/plugin-google-analytics": "^1.5.2",
      "@vuepress/plugin-medium-zoom": "^1.5.2",
      "@vuepress/plugin-pwa": "^1.8.0"
    }
  }

yarn manifest: 
  No manifest

Lockfile: 
  No lockfile
